0 info it worked if it ends with ok
1 verbose cli [ 'C:\\Program Files\\nodejs\\node.exe',
1 verbose cli   'C:\\Program Files\\nodejs\\node_modules\\npm\\bin\\npm-cli.js',
1 verbose cli   'run',
1 verbose cli   'staging-dev' ]
2 info using npm@3.10.10
3 info using node@v6.10.1
4 verbose run-script [ 'prestaging-dev', 'staging-dev', 'poststaging-dev' ]
5 info lifecycle exercicio03@1.0.0~prestaging-dev: exercicio03@1.0.0
6 silly lifecycle exercicio03@1.0.0~prestaging-dev: no script for prestaging-dev, continuing
7 info lifecycle exercicio03@1.0.0~staging-dev: exercicio03@1.0.0
8 verbose lifecycle exercicio03@1.0.0~staging-dev: unsafe-perm in lifecycle true
9 verbose lifecycle exercicio03@1.0.0~staging-dev: PATH: C:\Program Files\nodejs\node_modules\npm\bin\node-gyp-bin;C:\Users\Grazielly\Desktop\Joice\JS\exercicio03\node_modules\.bin;C:\ProgramData\Oracle\Java\javapath;C:\Program Files (x86)\Microchip\mplabc18\v3.47\mpasm;C:\Program Files (x86)\Microchip\mplabc18\v3.47\bin;C:\WINDOWS\system32;C:\WINDOWS;C:\WINDOWS\System32\Wbem;C:\WINDOWS\System32\WindowsPowerShell\v1.0\;C:\Program Files (x86)\Microchip\xc8\v1.36\bin;C:\Program Files\MATLAB\MATLAB Production Server\R2015a\runtime\win64;C:\Program Files\MATLAB\MATLAB Production Server\R2015a\bin;C:\Program Files\MATLAB\MATLAB Production Server\R2015a\polyspace\bin;C:\Program Files (x86)\Microchip\xc8\v1.40\bin;C:\Program Files (x86)\Microchip\xc16\v1.30\bin;C:\Program Files\nodejs\;C:\Program Files\Git\cmd;C:\Users\Grazielly\Miniconda3;C:\Users\Grazielly\Miniconda3\Scripts;C:\Users\Grazielly\Miniconda3\Library\bin;C:\Program Files (x86)\Microchip\mplabc18\v3.47\mpasm;C:\Program Files (x86)\Microchip\mplabc18\v3.47\bin;C:\Users\Grazielly\AppData\Local\Microsoft\WindowsApps;C:\Users\Grazielly\AppData\Roaming\npm
10 verbose lifecycle exercicio03@1.0.0~staging-dev: CWD: C:\Users\Grazielly\Desktop\Joice\JS\exercicio03
11 silly lifecycle exercicio03@1.0.0~staging-dev: Args: [ '/d /s /c', 'NODE_ENV=staging nodemon index.js' ]
12 silly lifecycle exercicio03@1.0.0~staging-dev: Returned: code: 1  signal: null
13 info lifecycle exercicio03@1.0.0~staging-dev: Failed to exec staging-dev script
14 verbose stack Error: exercicio03@1.0.0 staging-dev: `NODE_ENV=staging nodemon index.js`
14 verbose stack Exit status 1
14 verbose stack     at EventEmitter.<anonymous> (C:\Program Files\nodejs\node_modules\npm\lib\utils\lifecycle.js:255:16)
14 verbose stack     at emitTwo (events.js:106:13)
14 verbose stack     at EventEmitter.emit (events.js:191:7)
14 verbose stack     at ChildProcess.<anonymous> (C:\Program Files\nodejs\node_modules\npm\lib\utils\spawn.js:40:14)
14 verbose stack     at emitTwo (events.js:106:13)
14 verbose stack     at ChildProcess.emit (events.js:191:7)
14 verbose stack     at maybeClose (internal/child_process.js:886:16)
14 verbose stack     at Process.ChildProcess._handle.onexit (internal/child_process.js:226:5)
15 verbose pkgid exercicio03@1.0.0
16 verbose cwd C:\Users\Grazielly\Desktop\Joice\JS\exercicio03\migrations
17 error Windows_NT 10.0.14393
18 error argv "C:\\Program Files\\nodejs\\node.exe" "C:\\Program Files\\nodejs\\node_modules\\npm\\bin\\npm-cli.js" "run" "staging-dev"
19 error node v6.10.1
20 error npm  v3.10.10
21 error code ELIFECYCLE
22 error exercicio03@1.0.0 staging-dev: `NODE_ENV=staging nodemon index.js`
22 error Exit status 1
23 error Failed at the exercicio03@1.0.0 staging-dev script 'NODE_ENV=staging nodemon index.js'.
23 error Make sure you have the latest version of node.js and npm installed.
23 error If you do, this is most likely a problem with the exercicio03 package,
23 error not with npm itself.
23 error Tell the author that this fails on your system:
23 error     NODE_ENV=staging nodemon index.js
23 error You can get information on how to open an issue for this project with:
23 error     npm bugs exercicio03
23 error Or if that isn't available, you can get their info via:
23 error     npm owner ls exercicio03
23 error There is likely additional logging output above.
24 verbose exit [ 1, true ]
